<?xml version="1.0" encoding="UTF-8"?>
<coverage generated="1680052642553" clover="3.2.0">
  <project timestamp="1680052642554" name="All files">
    <metrics statements="22" coveredstatements="22" conditionals="12" coveredconditionals="12" methods="5" coveredmethods="5" elements="39" coveredelements="39" complexity="0" loc="22" ncloc="22" packages="1" files="1" classes="1"/>
    <file name="Roller.ts" path="/sandbox/src/Roller.ts">
      <metrics statements="22" coveredstatements="22" conditionals="12" coveredconditionals="12" methods="5" coveredmethods="5"/>
      <line num="2" count="1" type="stmt"/>
      <line num="11" count="11" type="cond" truecount="2" falsecount="0"/>
      <line num="12" count="10" type="stmt"/>
      <line num="14" count="1" type="stmt"/>
      <line num="28" count="13" type="stmt"/>
      <line num="29" count="13" type="cond" truecount="4" falsecount="0"/>
      <line num="30" count="11" type="stmt"/>
      <line num="37" count="11" type="cond" truecount="2" falsecount="0"/>
      <line num="38" count="5" type="stmt"/>
      <line num="40" count="6" type="cond" truecount="1" falsecount="0"/>
      <line num="41" count="2" type="stmt"/>
      <line num="42" count="2" type="stmt"/>
      <line num="50" count="5" type="cond" truecount="1" falsecount="0"/>
      <line num="51" count="3" type="stmt"/>
      <line num="54" count="6" type="stmt"/>
      <line num="55" count="6" type="stmt"/>
      <line num="59" count="11" type="stmt"/>
      <line num="63" count="2" type="stmt"/>
      <line num="70" count="3" type="cond" truecount="2" falsecount="0"/>
      <line num="71" count="2" type="stmt"/>
      <line num="73" count="1" type="stmt"/>
      <line num="83" count="1" type="stmt"/>
    </file>
  </project>
</coverage>
