<?xml version="1.0" encoding="UTF-8"?>
<coverage generated="1680025044070" clover="3.2.0">
  <project timestamp="1680025044072" name="All files">
    <metrics statements="20" coveredstatements="11" conditionals="11" coveredconditionals="6" methods="5" coveredmethods="3" elements="36" coveredelements="20" complexity="0" loc="20" ncloc="20" packages="1" files="1" classes="1"/>
    <file name="Roller.ts" path="/sandbox/src/Roller.ts">
      <metrics statements="20" coveredstatements="11" conditionals="11" coveredconditionals="6" methods="5" coveredmethods="3"/>
      <line num="2" count="1" type="stmt"/>
      <line num="11" count="4" type="cond" truecount="2" falsecount="0"/>
      <line num="12" count="3" type="stmt"/>
      <line num="14" count="1" type="stmt"/>
      <line num="28" count="1" type="stmt"/>
      <line num="29" count="1" type="cond" truecount="3" falsecount="1"/>
      <line num="30" count="1" type="stmt"/>
      <line num="37" count="1" type="cond" truecount="0" falsecount="1"/>
      <line num="38" count="0" type="stmt"/>
      <line num="40" count="0" type="cond" truecount="0" falsecount="1"/>
      <line num="41" count="0" type="stmt"/>
      <line num="42" count="0" type="stmt"/>
      <line num="50" count="0" type="cond" truecount="0" falsecount="1"/>
      <line num="51" count="0" type="stmt"/>
      <line num="55" count="1" type="stmt"/>
      <line num="59" count="0" type="stmt"/>
      <line num="66" count="1" type="cond" truecount="1" falsecount="1"/>
      <line num="67" count="0" type="stmt"/>
      <line num="69" count="1" type="stmt"/>
      <line num="78" count="0" type="stmt"/>
    </file>
  </project>
</coverage>
