{"/sandbox/src/Roller.ts": {"path":"/sandbox/src/Roller.ts","statementMap":{"0":{"start":{"line":11,"column":8},"end":{"line":14,"column":26}},"1":{"start":{"line":12,"column":12},"end":{"line":12,"column":30}},"2":{"start":{"line":14,"column":12},"end":{"line":14,"column":26}},"3":{"start":{"line":28,"column":17},"end":{"line":28,"column":22}},"4":{"start":{"line":29,"column":8},"end":{"line":63,"column":21}},"5":{"start":{"line":30,"column":12},"end":{"line":30,"column":29}},"6":{"start":{"line":37,"column":12},"end":{"line":57,"column":null}},"7":{"start":{"line":38,"column":16},"end":{"line":49,"column":19}},"8":{"start":{"line":40,"column":20},"end":{"line":43,"column":null}},"9":{"start":{"line":41,"column":24},"end":{"line":41,"column":58}},"10":{"start":{"line":42,"column":24},"end":{"line":42,"column":34}},"11":{"start":{"line":50,"column":16},"end":{"line":51,"column":52}},"12":{"start":{"line":51,"column":20},"end":{"line":51,"column":52}},"13":{"start":{"line":54,"column":16},"end":{"line":54,"column":45}},"14":{"start":{"line":55,"column":16},"end":{"line":55,"column":48}},"15":{"start":{"line":59,"column":12},"end":{"line":59,"column":25}},"16":{"start":{"line":63,"column":12},"end":{"line":63,"column":21}},"17":{"start":{"line":70,"column":8},"end":{"line":73,"column":21}},"18":{"start":{"line":71,"column":12},"end":{"line":71,"column":30}},"19":{"start":{"line":73,"column":12},"end":{"line":73,"column":21}},"20":{"start":{"line":83,"column":8},"end":{"line":83,"column":34}},"21":{"start":{"line":2,"column":0},"end":{"line":2,"column":13}}},"fnMap":{"0":{"name":"(anonymous_0)","decl":{"start":{"line":10,"column":4},"end":{"line":10,"column":16}},"loc":{"start":{"line":10,"column":29},"end":{"line":15,"column":5}}},"1":{"name":"(anonymous_1)","decl":{"start":{"line":27,"column":4},"end":{"line":27,"column":8}},"loc":{"start":{"line":27,"column":22},"end":{"line":65,"column":5}}},"2":{"name":"(anonymous_2)","decl":{"start":{"line":38,"column":43},"end":{"line":38,"column":44}},"loc":{"start":{"line":38,"column":72},"end":{"line":49,"column":17}}},"3":{"name":"(anonymous_3)","decl":{"start":{"line":69,"column":4},"end":{"line":69,"column":8}},"loc":{"start":{"line":69,"column":8},"end":{"line":74,"column":5}}},"4":{"name":"(anonymous_4)","decl":{"start":{"line":81,"column":4},"end":{"line":81,"column":16}},"loc":{"start":{"line":81,"column":16},"end":{"line":84,"column":5}}}},"branchMap":{"0":{"loc":{"start":{"line":11,"column":8},"end":{"line":14,"column":26}},"type":"if","locations":[{"start":{"line":11,"column":8},"end":{"line":14,"column":26}},{"start":{"line":14,"column":12},"end":{"line":14,"column":26}}]},"1":{"loc":{"start":{"line":29,"column":8},"end":{"line":63,"column":21}},"type":"if","locations":[{"start":{"line":29,"column":8},"end":{"line":63,"column":21}},{"start":{"line":63,"column":12},"end":{"line":63,"column":21}}]},"2":{"loc":{"start":{"line":29,"column":11},"end":{"line":29,"column":41}},"type":"binary-expr","locations":[{"start":{"line":29,"column":11},"end":{"line":29,"column":19}},{"start":{"line":29,"column":23},"end":{"line":29,"column":41}}]},"3":{"loc":{"start":{"line":37,"column":12},"end":{"line":57,"column":null}},"type":"if","locations":[{"start":{"line":37,"column":12},"end":{"line":57,"column":null}},{"start":{"line":53,"column":16},"end":{"line":57,"column":null}}]},"4":{"loc":{"start":{"line":40,"column":20},"end":{"line":43,"column":null}},"type":"if","locations":[{"start":{"line":40,"column":20},"end":{"line":43,"column":null}}]},"5":{"loc":{"start":{"line":50,"column":16},"end":{"line":51,"column":52}},"type":"if","locations":[{"start":{"line":50,"column":16},"end":{"line":51,"column":52}}]},"6":{"loc":{"start":{"line":70,"column":8},"end":{"line":73,"column":21}},"type":"if","locations":[{"start":{"line":70,"column":8},"end":{"line":73,"column":21}},{"start":{"line":73,"column":12},"end":{"line":73,"column":21}}]}},"s":{"0":11,"1":10,"2":1,"3":13,"4":13,"5":11,"6":11,"7":5,"8":6,"9":2,"10":2,"11":5,"12":3,"13":6,"14":6,"15":11,"16":2,"17":3,"18":2,"19":1,"20":1,"21":1},"f":{"0":11,"1":13,"2":6,"3":3,"4":1},"b":{"0":[10,1],"1":[11,2],"2":[13,13],"3":[5,6],"4":[2],"5":[3],"6":[2,1]}}
}
