TN:
SF:src/Roller.ts
FN:10,(anonymous_0)
FN:27,(anonymous_1)
FN:38,(anonymous_2)
FN:69,(anonymous_3)
FN:81,(anonymous_4)
FNF:5
FNH:5
FNDA:11,(anonymous_0)
FNDA:13,(anonymous_1)
FNDA:6,(anonymous_2)
FNDA:3,(anonymous_3)
FNDA:1,(anonymous_4)
DA:2,1
DA:11,11
DA:12,10
DA:14,1
DA:28,13
DA:29,13
DA:30,11
DA:37,11
DA:38,5
DA:40,6
DA:41,2
DA:42,2
DA:50,5
DA:51,3
DA:54,6
DA:55,6
DA:59,11
DA:63,2
DA:70,3
DA:71,2
DA:73,1
DA:83,1
LF:22
LH:22
BRDA:11,0,0,10
BRDA:11,0,1,1
BRDA:29,1,0,11
BRDA:29,1,1,2
BRDA:29,2,0,13
BRDA:29,2,1,13
BRDA:37,3,0,5
BRDA:37,3,1,6
BRDA:40,4,0,2
BRDA:50,5,0,3
BRDA:70,6,0,2
BRDA:70,6,1,1
BRF:12
BRH:12
end_of_record
