TN:
SF:src/Roller.ts
FN:10,(anonymous_0)
FN:27,(anonymous_1)
FN:38,(anonymous_2)
FN:65,(anonymous_3)
FN:77,(anonymous_4)
FNF:5
FNH:3
FNDA:4,(anonymous_0)
FNDA:1,(anonymous_1)
FNDA:0,(anonymous_2)
FNDA:1,(anonymous_3)
FNDA:0,(anonymous_4)
DA:2,1
DA:11,4
DA:12,3
DA:14,1
DA:28,1
DA:29,1
DA:30,1
DA:37,1
DA:38,0
DA:40,0
DA:41,0
DA:42,0
DA:50,0
DA:51,0
DA:55,1
DA:59,0
DA:66,1
DA:67,0
DA:69,1
DA:78,0
LF:20
LH:11
BRDA:11,0,0,3
BRDA:11,0,1,1
BRDA:29,1,0,1
BRDA:29,1,1,0
BRDA:29,2,0,1
BRDA:29,2,1,1
BRDA:37,3,0,0
BRDA:40,4,0,0
BRDA:50,5,0,0
BRDA:66,6,0,0
BRDA:66,6,1,1
BRF:11
BRH:6
end_of_record
